2023-07-05 21:51:03,898 MyApp INFO Request details: Method - GET, Path - /
2023-07-05 21:51:03,949 MyApp INFO Request details: Method - GET, Path - /static/index.mp4
2023-07-05 21:51:05,007 MyApp INFO Request details: Method - GET, Path - /static/index.mp4
2023-07-05 21:51:05,009 MyApp INFO Request details: Method - GET, Path - /static/index.mp4
2023-07-05 21:51:05,015 MyApp INFO Request details: Method - GET, Path - /static/index.mp4
2023-07-05 21:51:05,244 MyApp INFO Request details: Method - GET, Path - /login
2023-07-05 21:51:05,265 MyApp INFO Request details: Method - GET, Path - /static/node_modules/bootstrap/dist/css/bootstrap.min.css
2023-07-05 21:51:05,266 MyApp INFO Request details: Method - GET, Path - /static/node_modules/element-ui/lib/theme-chalk/index.css
2023-07-05 21:51:05,270 MyApp INFO Request details: Method - GET, Path - /static/node_modules/vue/dist/vue.min.js
2023-07-05 21:51:05,273 MyApp INFO Request details: Method - GET, Path - /static/node_modules/element-ui/lib/index.js
2023-07-05 21:51:05,275 MyApp INFO Request details: Method - GET, Path - /static/node_modules/bootstrap/dist/js/bootstrap.bundle.min.js
2023-07-05 21:51:05,278 MyApp INFO Request details: Method - GET, Path - /static/node_modules/axios/dist/axios.min.js
2023-07-05 21:51:12,988 MyApp INFO Request details: Method - POST, Path - /login
2023-07-05 21:51:13,184 MyApp INFO Request details: Method - GET, Path - /nr
2023-07-05 21:51:13,208 MyApp INFO Request details: Method - GET, Path - /static/node_modules/element-ui/lib/theme-chalk/index.css
2023-07-05 21:51:13,210 MyApp INFO Request details: Method - GET, Path - /static/first-contain.css
2023-07-05 21:51:13,213 MyApp INFO Request details: Method - GET, Path - /static/nr.css
2023-07-05 21:51:13,215 MyApp INFO Request details: Method - GET, Path - /static/page-3.css
2023-07-05 21:51:13,220 MyApp INFO Request details: Method - GET, Path - /static/page-2.css
2023-07-05 21:51:13,222 MyApp INFO Request details: Method - GET, Path - /static/node_modules/vue/dist/vue.min.js
2023-07-05 21:51:13,224 MyApp INFO Request details: Method - GET, Path - /static/node_modules/element-ui/lib/index.js
2023-07-05 21:51:13,227 MyApp INFO Request details: Method - GET, Path - /static/node_modules/axios/dist/axios.min.js
2023-07-05 21:51:13,231 MyApp INFO Request details: Method - GET, Path - /static/node_modules/jquery/dist/jquery.min.js
2023-07-05 21:51:13,232 MyApp INFO Request details: Method - GET, Path - /static/nr.js
2023-07-05 21:51:13,235 MyApp INFO Request details: Method - GET, Path - /static/train.js
2023-07-05 21:51:13,237 MyApp INFO Request details: Method - GET, Path - /static/test.js
2023-07-05 21:51:13,255 MyApp INFO Request details: Method - GET, Path - /static/background.jpg
2023-07-05 21:51:13,541 MyApp INFO Request details: Method - GET, Path - /get_nickname
2023-07-05 21:51:13,837 MyApp INFO Request details: Method - GET, Path - /get_models
2023-07-05 21:51:15,777 MyApp INFO Request details: Method - GET, Path - /static/node_modules/element-ui/lib/theme-chalk/fonts/element-icons.woff
2023-07-05 21:52:01,032 MyApp INFO Request details: Method - GET, Path - /static/node_modules/element-ui/lib/theme-chalk/index.css
2023-07-05 21:52:01,033 MyApp INFO Request details: Method - GET, Path - /static/first-contain.css
2023-07-05 21:52:01,036 MyApp INFO Request details: Method - GET, Path - /static/nr.css
2023-07-05 21:52:01,038 MyApp INFO Request details: Method - GET, Path - /static/page-3.css
2023-07-05 21:52:01,042 MyApp INFO Request details: Method - GET, Path - /static/page-2.css
2023-07-05 21:52:01,127 MyApp INFO Request details: Method - GET, Path - /static/node_modules/axios/dist/axios.min.js.map
2023-07-05 22:42:36,886 MyApp INFO Request details: Method - POST, Path - /upload_dataset
2023-07-05 22:42:39,819 MyApp INFO Request details: Method - POST, Path - /train
2023-07-05 22:42:43,009 MyApp INFO Request details: Method - GET, Path - /static/node_modules/axios/dist/axios.min.js.map
2023-07-05 22:42:53,260 MyApp INFO Request details: Method - POST, Path - /train
2023-07-05 22:42:57,250 MyApp INFO Request details: Method - POST, Path - /train
2023-07-05 22:43:25,066 MyApp INFO Request details: Method - POST, Path - /train
